{"D:\\af-2-IT22074072\\country-app\\src\\components\\CountryCard.jsx": {"path":"D:\\af-2-IT22074072\\country-app\\src\\components\\CountryCard.jsx","statementMap":{"0":{"start":{"line":5,"column":20},"end":{"line":46,"column":1}},"1":{"start":{"line":6,"column":19},"end":{"line":6,"column":32}},"2":{"start":{"line":8,"column":26},"end":{"line":10,"column":3}},"3":{"start":{"line":9,"column":4},"end":{"line":9,"column":41}},"4":{"start":{"line":12,"column":2},"end":{"line":45,"column":4}},"5":{"start":{"line":32,"column":12},"end":{"line":32,"column":32}},"6":{"start":{"line":33,"column":12},"end":{"line":33,"column":53}},"7":{"start":{"line":34,"column":12},"end":{"line":34,"column":32}}},"fnMap":{"0":{"name":"(anonymous_0)","decl":{"start":{"line":5,"column":20},"end":{"line":5,"column":21}},"loc":{"start":{"line":5,"column":61},"end":{"line":46,"column":1}},"line":5},"1":{"name":"(anonymous_1)","decl":{"start":{"line":8,"column":26},"end":{"line":8,"column":27}},"loc":{"start":{"line":8,"column":32},"end":{"line":10,"column":3}},"line":8},"2":{"name":"(anonymous_2)","decl":{"start":{"line":31,"column":19},"end":{"line":31,"column":20}},"loc":{"start":{"line":31,"column":26},"end":{"line":35,"column":11}},"line":31}},"branchMap":{"0":{"loc":{"start":{"line":37,"column":12},"end":{"line":37,"column":57}},"type":"cond-expr","locations":[{"start":{"line":37,"column":25},"end":{"line":37,"column":39}},{"start":{"line":37,"column":42},"end":{"line":37,"column":57}}],"line":37},"1":{"loc":{"start":{"line":39,"column":22},"end":{"line":39,"column":79}},"type":"cond-expr","locations":[{"start":{"line":39,"column":35},"end":{"line":39,"column":58}},{"start":{"line":39,"column":61},"end":{"line":39,"column":79}}],"line":39},"2":{"loc":{"start":{"line":41,"column":11},"end":{"line":41,"column":52}},"type":"cond-expr","locations":[{"start":{"line":41,"column":24},"end":{"line":41,"column":35}},{"start":{"line":41,"column":38},"end":{"line":41,"column":52}}],"line":41}},"s":{"0":1,"1":4,"2":4,"3":1,"4":4,"5":1,"6":1,"7":1},"f":{"0":4,"1":1,"2":1},"b":{"0":[1,3],"1":[1,3],"2":[1,3]},"_coverageSchema":"1a1c01bbd47fc00a2c39e90264f33305004495a9","hash":"09cba9c9d09f53f8630006ecfa3fd294d0dc90d7"}
,"D:\\af-2-IT22074072\\country-app\\src\\pages\\Login.jsx": {"path":"D:\\af-2-IT22074072\\country-app\\src\\pages\\Login.jsx","statementMap":{"0":{"start":{"line":11,"column":17},"end":{"line":25,"column":1}},"1":{"start":{"line":27,"column":15},"end":{"line":27,"column":74}},"2":{"start":{"line":27,"column":29},"end":{"line":27,"column":74}},"3":{"start":{"line":29,"column":14},"end":{"line":176,"column":1}},"4":{"start":{"line":30,"column":28},"end":{"line":30,"column":40}},"5":{"start":{"line":31,"column":34},"end":{"line":31,"column":46}},"6":{"start":{"line":32,"column":19},"end":{"line":32,"column":32}},"7":{"start":{"line":36,"column":22},"end":{"line":50,"column":3}},"8":{"start":{"line":37,"column":4},"end":{"line":37,"column":23}},"9":{"start":{"line":38,"column":4},"end":{"line":49,"column":5}},"10":{"start":{"line":39,"column":18},"end":{"line":42,"column":8}},"11":{"start":{"line":43,"column":30},"end":{"line":43,"column":38}},"12":{"start":{"line":44,"column":6},"end":{"line":44,"column":43}},"13":{"start":{"line":45,"column":6},"end":{"line":45,"column":57}},"14":{"start":{"line":46,"column":6},"end":{"line":46,"column":24}},"15":{"start":{"line":48,"column":6},"end":{"line":48,"column":75}},"16":{"start":{"line":52,"column":24},"end":{"line":61,"column":8}},"17":{"start":{"line":53,"column":4},"end":{"line":60,"column":8}},"18":{"start":{"line":53,"column":34},"end":{"line":60,"column":5}},"19":{"start":{"line":63,"column":2},"end":{"line":175,"column":4}},"20":{"start":{"line":76,"column":8},"end":{"line":89,"column":10}},"21":{"start":{"line":118,"column":29},"end":{"line":118,"column":53}},"22":{"start":{"line":125,"column":29},"end":{"line":125,"column":56}},"23":{"start":{"line":138,"column":27},"end":{"line":138,"column":46}}},"fnMap":{"0":{"name":"(anonymous_0)","decl":{"start":{"line":27,"column":15},"end":{"line":27,"column":16}},"loc":{"start":{"line":27,"column":29},"end":{"line":27,"column":74}},"line":27},"1":{"name":"(anonymous_1)","decl":{"start":{"line":29,"column":14},"end":{"line":29,"column":15}},"loc":{"start":{"line":29,"column":20},"end":{"line":176,"column":1}},"line":29},"2":{"name":"(anonymous_2)","decl":{"start":{"line":36,"column":22},"end":{"line":36,"column":23}},"loc":{"start":{"line":36,"column":35},"end":{"line":50,"column":3}},"line":36},"3":{"name":"(anonymous_3)","decl":{"start":{"line":52,"column":32},"end":{"line":52,"column":33}},"loc":{"start":{"line":52,"column":38},"end":{"line":61,"column":3}},"line":52},"4":{"name":"(anonymous_4)","decl":{"start":{"line":53,"column":24},"end":{"line":53,"column":25}},"loc":{"start":{"line":53,"column":34},"end":{"line":60,"column":5}},"line":53},"5":{"name":"(anonymous_5)","decl":{"start":{"line":75,"column":25},"end":{"line":75,"column":26}},"loc":{"start":{"line":76,"column":8},"end":{"line":89,"column":10}},"line":76},"6":{"name":"(anonymous_6)","decl":{"start":{"line":118,"column":22},"end":{"line":118,"column":23}},"loc":{"start":{"line":118,"column":29},"end":{"line":118,"column":53}},"line":118},"7":{"name":"(anonymous_7)","decl":{"start":{"line":125,"column":22},"end":{"line":125,"column":23}},"loc":{"start":{"line":125,"column":29},"end":{"line":125,"column":56}},"line":125},"8":{"name":"(anonymous_8)","decl":{"start":{"line":138,"column":21},"end":{"line":138,"column":22}},"loc":{"start":{"line":138,"column":27},"end":{"line":138,"column":46}},"line":138}},"branchMap":{"0":{"loc":{"start":{"line":48,"column":12},"end":{"line":48,"column":73}},"type":"binary-expr","locations":[{"start":{"line":48,"column":12},"end":{"line":48,"column":58}},{"start":{"line":48,"column":62},"end":{"line":48,"column":73}}],"line":48}},"s":{"0":1,"1":1,"2":312,"3":1,"4":8,"5":8,"6":8,"7":8,"8":2,"9":2,"10":2,"11":1,"12":1,"13":1,"14":1,"15":1,"16":8,"17":6,"18":78,"19":8,"20":104,"21":1,"22":1,"23":1},"f":{"0":312,"1":8,"2":2,"3":6,"4":78,"5":104,"6":1,"7":1,"8":1},"b":{"0":[1,0]},"_coverageSchema":"1a1c01bbd47fc00a2c39e90264f33305004495a9","hash":"f08f8294fcbfe8ae9602d99fcf2641b5bdd96cb7"}
,"D:\\af-2-IT22074072\\country-app\\src\\pages\\Signup.jsx": {"path":"D:\\af-2-IT22074072\\country-app\\src\\pages\\Signup.jsx","statementMap":{"0":{"start":{"line":6,"column":15},"end":{"line":85,"column":1}},"1":{"start":{"line":7,"column":34},"end":{"line":7,"column":46}},"2":{"start":{"line":8,"column":28},"end":{"line":8,"column":40}},"3":{"start":{"line":9,"column":34},"end":{"line":9,"column":46}},"4":{"start":{"line":10,"column":19},"end":{"line":10,"column":32}},"5":{"start":{"line":12,"column":23},"end":{"line":28,"column":3}},"6":{"start":{"line":13,"column":4},"end":{"line":13,"column":23}},"7":{"start":{"line":14,"column":4},"end":{"line":27,"column":5}},"8":{"start":{"line":15,"column":18},"end":{"line":19,"column":8}},"9":{"start":{"line":21,"column":30},"end":{"line":21,"column":38}},"10":{"start":{"line":22,"column":6},"end":{"line":22,"column":43}},"11":{"start":{"line":23,"column":6},"end":{"line":23,"column":57}},"12":{"start":{"line":24,"column":6},"end":{"line":24,"column":24}},"13":{"start":{"line":26,"column":6},"end":{"line":26,"column":78}},"14":{"start":{"line":30,"column":2},"end":{"line":84,"column":4}},"15":{"start":{"line":46,"column":29},"end":{"line":46,"column":56}},"16":{"start":{"line":54,"column":29},"end":{"line":54,"column":53}},"17":{"start":{"line":62,"column":29},"end":{"line":62,"column":56}},"18":{"start":{"line":76,"column":27},"end":{"line":76,"column":45}}},"fnMap":{"0":{"name":"(anonymous_0)","decl":{"start":{"line":6,"column":15},"end":{"line":6,"column":16}},"loc":{"start":{"line":6,"column":21},"end":{"line":85,"column":1}},"line":6},"1":{"name":"(anonymous_1)","decl":{"start":{"line":12,"column":23},"end":{"line":12,"column":24}},"loc":{"start":{"line":12,"column":36},"end":{"line":28,"column":3}},"line":12},"2":{"name":"(anonymous_2)","decl":{"start":{"line":46,"column":22},"end":{"line":46,"column":23}},"loc":{"start":{"line":46,"column":29},"end":{"line":46,"column":56}},"line":46},"3":{"name":"(anonymous_3)","decl":{"start":{"line":54,"column":22},"end":{"line":54,"column":23}},"loc":{"start":{"line":54,"column":29},"end":{"line":54,"column":53}},"line":54},"4":{"name":"(anonymous_4)","decl":{"start":{"line":62,"column":22},"end":{"line":62,"column":23}},"loc":{"start":{"line":62,"column":29},"end":{"line":62,"column":56}},"line":62},"5":{"name":"(anonymous_5)","decl":{"start":{"line":76,"column":21},"end":{"line":76,"column":22}},"loc":{"start":{"line":76,"column":27},"end":{"line":76,"column":45}},"line":76}},"branchMap":{"0":{"loc":{"start":{"line":26,"column":33},"end":{"line":26,"column":75}},"type":"binary-expr","locations":[{"start":{"line":26,"column":33},"end":{"line":26,"column":60}},{"start":{"line":26,"column":64},"end":{"line":26,"column":75}}],"line":26}},"s":{"0":1,"1":13,"2":13,"3":13,"4":13,"5":13,"6":3,"7":3,"8":3,"9":1,"10":1,"11":1,"12":1,"13":2,"14":13,"15":3,"16":3,"17":3,"18":0},"f":{"0":13,"1":3,"2":3,"3":3,"4":3,"5":0},"b":{"0":[2,1]},"_coverageSchema":"1a1c01bbd47fc00a2c39e90264f33305004495a9","hash":"3d8237b1cd409279017a3817e419a88eeb047799"}
,"D:\\af-2-IT22074072\\country-app\\src\\services\\countryService.js": {"path":"D:\\af-2-IT22074072\\country-app\\src\\services\\countryService.js","statementMap":{"0":{"start":{"line":1,"column":17},"end":{"line":1,"column":49}},"1":{"start":{"line":3,"column":23},"end":{"line":14,"column":1}},"2":{"start":{"line":4,"column":2},"end":{"line":12,"column":3}},"3":{"start":{"line":5,"column":20},"end":{"line":5,"column":22}},"4":{"start":{"line":6,"column":4},"end":{"line":10,"column":5}},"5":{"start":{"line":7,"column":6},"end":{"line":7,"column":40}},"6":{"start":{"line":9,"column":6},"end":{"line":9,"column":59}},"7":{"start":{"line":11,"column":4},"end":{"line":11,"column":75}},"8":{"start":{"line":13,"column":2},"end":{"line":13,"column":25}},"9":{"start":{"line":16,"column":34},"end":{"line":20,"column":1}},"10":{"start":{"line":17,"column":22},"end":{"line":17,"column":46}},"11":{"start":{"line":18,"column":19},"end":{"line":18,"column":65}},"12":{"start":{"line":19,"column":2},"end":{"line":19,"column":34}},"13":{"start":{"line":22,"column":37},"end":{"line":26,"column":1}},"14":{"start":{"line":23,"column":20},"end":{"line":23,"column":38}},"15":{"start":{"line":24,"column":19},"end":{"line":24,"column":64}},"16":{"start":{"line":25,"column":2},"end":{"line":25,"column":34}},"17":{"start":{"line":28,"column":33},"end":{"line":31,"column":1}},"18":{"start":{"line":29,"column":19},"end":{"line":29,"column":49}},"19":{"start":{"line":30,"column":2},"end":{"line":30,"column":34}},"20":{"start":{"line":33,"column":38},"end":{"line":36,"column":1}},"21":{"start":{"line":34,"column":19},"end":{"line":34,"column":62}},"22":{"start":{"line":35,"column":2},"end":{"line":35,"column":34}}},"fnMap":{"0":{"name":"(anonymous_0)","decl":{"start":{"line":3,"column":23},"end":{"line":3,"column":24}},"loc":{"start":{"line":3,"column":43},"end":{"line":14,"column":1}},"line":3},"1":{"name":"(anonymous_1)","decl":{"start":{"line":16,"column":34},"end":{"line":16,"column":35}},"loc":{"start":{"line":16,"column":50},"end":{"line":20,"column":1}},"line":16},"2":{"name":"(anonymous_2)","decl":{"start":{"line":22,"column":37},"end":{"line":22,"column":38}},"loc":{"start":{"line":22,"column":53},"end":{"line":26,"column":1}},"line":22},"3":{"name":"(anonymous_3)","decl":{"start":{"line":28,"column":33},"end":{"line":28,"column":34}},"loc":{"start":{"line":28,"column":45},"end":{"line":31,"column":1}},"line":28},"4":{"name":"(anonymous_4)","decl":{"start":{"line":33,"column":38},"end":{"line":33,"column":39}},"loc":{"start":{"line":33,"column":56},"end":{"line":36,"column":1}},"line":33}},"branchMap":{"0":{"loc":{"start":{"line":4,"column":2},"end":{"line":12,"column":3}},"type":"if","locations":[{"start":{"line":4,"column":2},"end":{"line":12,"column":3}},{"start":{},"end":{}}],"line":4},"1":{"loc":{"start":{"line":11,"column":20},"end":{"line":11,"column":73}},"type":"binary-expr","locations":[{"start":{"line":11,"column":20},"end":{"line":11,"column":29}},{"start":{"line":11,"column":33},"end":{"line":11,"column":73}}],"line":11}},"s":{"0":1,"1":1,"2":7,"3":2,"4":2,"5":2,"6":1,"7":2,"8":5,"9":1,"10":3,"11":3,"12":3,"13":1,"14":1,"15":1,"16":1,"17":1,"18":2,"19":2,"20":1,"21":1,"22":1},"f":{"0":7,"1":3,"2":1,"3":2,"4":1},"b":{"0":[2,5],"1":[2,0]},"_coverageSchema":"1a1c01bbd47fc00a2c39e90264f33305004495a9","hash":"bbd117cb931185adae3030e6d8571912645ef6fd"}
,"D:\\af-2-IT22074072\\country-app\\src\\services\\favoriteService.js": {"path":"D:\\af-2-IT22074072\\country-app\\src\\services\\favoriteService.js","statementMap":{"0":{"start":{"line":1,"column":16},"end":{"line":1,"column":53}},"1":{"start":{"line":4,"column":22},"end":{"line":13,"column":1}},"2":{"start":{"line":5,"column":16},"end":{"line":5,"column":45}},"3":{"start":{"line":6,"column":2},"end":{"line":8,"column":3}},"4":{"start":{"line":7,"column":4},"end":{"line":7,"column":53}},"5":{"start":{"line":9,"column":2},"end":{"line":12,"column":4}},"6":{"start":{"line":16,"column":32},"end":{"line":36,"column":1}},"7":{"start":{"line":17,"column":2},"end":{"line":35,"column":3}},"8":{"start":{"line":18,"column":20},"end":{"line":18,"column":35}},"9":{"start":{"line":19,"column":21},"end":{"line":22,"column":6}},"10":{"start":{"line":24,"column":4},"end":{"line":29,"column":5}},"11":{"start":{"line":25,"column":6},"end":{"line":27,"column":7}},"12":{"start":{"line":26,"column":8},"end":{"line":26,"column":70}},"13":{"start":{"line":28,"column":6},"end":{"line":28,"column":74}},"14":{"start":{"line":31,"column":4},"end":{"line":31,"column":33}},"15":{"start":{"line":33,"column":4},"end":{"line":33,"column":50}},"16":{"start":{"line":34,"column":4},"end":{"line":34,"column":16}},"17":{"start":{"line":38,"column":30},"end":{"line":75,"column":1}},"18":{"start":{"line":39,"column":2},"end":{"line":74,"column":3}},"19":{"start":{"line":40,"column":20},"end":{"line":40,"column":35}},"20":{"start":{"line":43,"column":4},"end":{"line":43,"column":65}},"21":{"start":{"line":46,"column":21},"end":{"line":50,"column":6}},"22":{"start":{"line":52,"column":4},"end":{"line":68,"column":5}},"23":{"start":{"line":53,"column":6},"end":{"line":55,"column":7}},"24":{"start":{"line":54,"column":8},"end":{"line":54,"column":70}},"25":{"start":{"line":58,"column":24},"end":{"line":58,"column":26}},"26":{"start":{"line":59,"column":6},"end":{"line":65,"column":7}},"27":{"start":{"line":60,"column":26},"end":{"line":60,"column":47}},"28":{"start":{"line":61,"column":8},"end":{"line":61,"column":69}},"29":{"start":{"line":64,"column":8},"end":{"line":64,"column":42}},"30":{"start":{"line":67,"column":6},"end":{"line":67,"column":66}},"31":{"start":{"line":70,"column":4},"end":{"line":70,"column":33}},"32":{"start":{"line":72,"column":4},"end":{"line":72,"column":52}},"33":{"start":{"line":73,"column":4},"end":{"line":73,"column":16}},"34":{"start":{"line":77,"column":35},"end":{"line":109,"column":1}},"35":{"start":{"line":78,"column":2},"end":{"line":108,"column":3}},"36":{"start":{"line":79,"column":20},"end":{"line":79,"column":35}},"37":{"start":{"line":82,"column":21},"end":{"line":86,"column":6}},"38":{"start":{"line":88,"column":4},"end":{"line":102,"column":5}},"39":{"start":{"line":89,"column":6},"end":{"line":91,"column":7}},"40":{"start":{"line":90,"column":8},"end":{"line":90,"column":70}},"41":{"start":{"line":93,"column":24},"end":{"line":93,"column":26}},"42":{"start":{"line":94,"column":6},"end":{"line":99,"column":7}},"43":{"start":{"line":95,"column":26},"end":{"line":95,"column":47}},"44":{"start":{"line":96,"column":8},"end":{"line":96,"column":69}},"45":{"start":{"line":98,"column":8},"end":{"line":98,"column":42}},"46":{"start":{"line":101,"column":6},"end":{"line":101,"column":66}},"47":{"start":{"line":104,"column":4},"end":{"line":104,"column":33}},"48":{"start":{"line":106,"column":4},"end":{"line":106,"column":55}},"49":{"start":{"line":107,"column":4},"end":{"line":107,"column":16}}},"fnMap":{"0":{"name":"(anonymous_0)","decl":{"start":{"line":4,"column":22},"end":{"line":4,"column":23}},"loc":{"start":{"line":4,"column":28},"end":{"line":13,"column":1}},"line":4},"1":{"name":"(anonymous_1)","decl":{"start":{"line":16,"column":32},"end":{"line":16,"column":33}},"loc":{"start":{"line":16,"column":44},"end":{"line":36,"column":1}},"line":16},"2":{"name":"(anonymous_2)","decl":{"start":{"line":38,"column":30},"end":{"line":38,"column":31}},"loc":{"start":{"line":38,"column":51},"end":{"line":75,"column":1}},"line":38},"3":{"name":"(anonymous_3)","decl":{"start":{"line":77,"column":35},"end":{"line":77,"column":36}},"loc":{"start":{"line":77,"column":56},"end":{"line":109,"column":1}},"line":77}},"branchMap":{"0":{"loc":{"start":{"line":6,"column":2},"end":{"line":8,"column":3}},"type":"if","locations":[{"start":{"line":6,"column":2},"end":{"line":8,"column":3}},{"start":{},"end":{}}],"line":6},"1":{"loc":{"start":{"line":24,"column":4},"end":{"line":29,"column":5}},"type":"if","locations":[{"start":{"line":24,"column":4},"end":{"line":29,"column":5}},{"start":{},"end":{}}],"line":24},"2":{"loc":{"start":{"line":25,"column":6},"end":{"line":27,"column":7}},"type":"if","locations":[{"start":{"line":25,"column":6},"end":{"line":27,"column":7}},{"start":{},"end":{}}],"line":25},"3":{"loc":{"start":{"line":52,"column":4},"end":{"line":68,"column":5}},"type":"if","locations":[{"start":{"line":52,"column":4},"end":{"line":68,"column":5}},{"start":{},"end":{}}],"line":52},"4":{"loc":{"start":{"line":53,"column":6},"end":{"line":55,"column":7}},"type":"if","locations":[{"start":{"line":53,"column":6},"end":{"line":55,"column":7}},{"start":{},"end":{}}],"line":53},"5":{"loc":{"start":{"line":61,"column":22},"end":{"line":61,"column":68}},"type":"binary-expr","locations":[{"start":{"line":61,"column":22},"end":{"line":61,"column":39}},{"start":{"line":61,"column":43},"end":{"line":61,"column":68}}],"line":61},"6":{"loc":{"start":{"line":88,"column":4},"end":{"line":102,"column":5}},"type":"if","locations":[{"start":{"line":88,"column":4},"end":{"line":102,"column":5}},{"start":{},"end":{}}],"line":88},"7":{"loc":{"start":{"line":89,"column":6},"end":{"line":91,"column":7}},"type":"if","locations":[{"start":{"line":89,"column":6},"end":{"line":91,"column":7}},{"start":{},"end":{}}],"line":89},"8":{"loc":{"start":{"line":96,"column":22},"end":{"line":96,"column":68}},"type":"binary-expr","locations":[{"start":{"line":96,"column":22},"end":{"line":96,"column":39}},{"start":{"line":96,"column":43},"end":{"line":96,"column":68}}],"line":96}},"s":{"0":1,"1":1,"2":9,"3":9,"4":1,"5":8,"6":1,"7":4,"8":4,"9":3,"10":3,"11":2,"12":1,"13":1,"14":1,"15":3,"16":3,"17":1,"18":3,"19":3,"20":3,"21":3,"22":3,"23":2,"24":0,"25":2,"26":2,"27":2,"28":2,"29":0,"30":2,"31":1,"32":2,"33":2,"34":1,"35":2,"36":2,"37":2,"38":1,"39":0,"40":0,"41":0,"42":0,"43":0,"44":0,"45":0,"46":0,"47":1,"48":1,"49":1},"f":{"0":9,"1":4,"2":3,"3":2},"b":{"0":[1,8],"1":[2,1],"2":[1,1],"3":[2,1],"4":[0,2],"5":[2,1],"6":[0,1],"7":[0,0],"8":[0,0]},"_coverageSchema":"1a1c01bbd47fc00a2c39e90264f33305004495a9","hash":"625a0fda02bd03ac606bd2c7f0db88d54cd3fbe4"}
}
