TN:
SF:src\components\CountryCard.jsx
FN:5,(anonymous_0)
FN:8,(anonymous_1)
FN:31,(anonymous_2)
FNF:3
FNH:3
FNDA:4,(anonymous_0)
FNDA:1,(anonymous_1)
FNDA:1,(anonymous_2)
DA:5,1
DA:6,4
DA:8,4
DA:9,1
DA:12,4
DA:32,1
DA:33,1
DA:34,1
LF:8
LH:8
BRDA:37,0,0,1
BRDA:37,0,1,3
BRDA:39,1,0,1
BRDA:39,1,1,3
BRDA:41,2,0,1
BRDA:41,2,1,3
BRF:6
BRH:6
end_of_record
TN:
SF:src\pages\Login.jsx
FN:27,(anonymous_0)
FN:29,(anonymous_1)
FN:36,(anonymous_2)
FN:52,(anonymous_3)
FN:53,(anonymous_4)
FN:75,(anonymous_5)
FN:118,(anonymous_6)
FN:125,(anonymous_7)
FN:138,(anonymous_8)
FNF:9
FNH:9
FNDA:312,(anonymous_0)
FNDA:8,(anonymous_1)
FNDA:2,(anonymous_2)
FNDA:6,(anonymous_3)
FNDA:78,(anonymous_4)
FNDA:104,(anonymous_5)
FNDA:1,(anonymous_6)
FNDA:1,(anonymous_7)
FNDA:1,(anonymous_8)
DA:11,1
DA:27,312
DA:29,1
DA:30,8
DA:31,8
DA:32,8
DA:36,8
DA:37,2
DA:38,2
DA:39,2
DA:43,1
DA:44,1
DA:45,1
DA:46,1
DA:48,1
DA:52,8
DA:53,78
DA:63,8
DA:76,104
DA:118,1
DA:125,1
DA:138,1
LF:22
LH:22
BRDA:48,0,0,1
BRDA:48,0,1,0
BRF:2
BRH:1
end_of_record
TN:
SF:src\pages\Signup.jsx
FN:6,(anonymous_0)
FN:12,(anonymous_1)
FN:46,(anonymous_2)
FN:54,(anonymous_3)
FN:62,(anonymous_4)
FN:76,(anonymous_5)
FNF:6
FNH:5
FNDA:13,(anonymous_0)
FNDA:3,(anonymous_1)
FNDA:3,(anonymous_2)
FNDA:3,(anonymous_3)
FNDA:3,(anonymous_4)
FNDA:0,(anonymous_5)
DA:6,1
DA:7,13
DA:8,13
DA:9,13
DA:10,13
DA:12,13
DA:13,3
DA:14,3
DA:15,3
DA:21,1
DA:22,1
DA:23,1
DA:24,1
DA:26,2
DA:30,13
DA:46,3
DA:54,3
DA:62,3
DA:76,0
LF:19
LH:18
BRDA:26,0,0,2
BRDA:26,0,1,1
BRF:2
BRH:2
end_of_record
TN:
SF:src\services\countryService.js
FN:3,(anonymous_0)
FN:16,(anonymous_1)
FN:22,(anonymous_2)
FN:28,(anonymous_3)
FN:33,(anonymous_4)
FNF:5
FNH:5
FNDA:7,(anonymous_0)
FNDA:3,(anonymous_1)
FNDA:1,(anonymous_2)
FNDA:2,(anonymous_3)
FNDA:1,(anonymous_4)
DA:1,1
DA:3,1
DA:4,7
DA:5,2
DA:6,2
DA:7,2
DA:9,1
DA:11,2
DA:13,5
DA:16,1
DA:17,3
DA:18,3
DA:19,3
DA:22,1
DA:23,1
DA:24,1
DA:25,1
DA:28,1
DA:29,2
DA:30,2
DA:33,1
DA:34,1
DA:35,1
LF:23
LH:23
BRDA:4,0,0,2
BRDA:4,0,1,5
BRDA:11,1,0,2
BRDA:11,1,1,0
BRF:4
BRH:3
end_of_record
TN:
SF:src\services\favoriteService.js
FN:4,(anonymous_0)
FN:16,(anonymous_1)
FN:38,(anonymous_2)
FN:77,(anonymous_3)
FNF:4
FNH:4
FNDA:9,(anonymous_0)
FNDA:4,(anonymous_1)
FNDA:3,(anonymous_2)
FNDA:2,(anonymous_3)
DA:1,1
DA:4,1
DA:5,9
DA:6,9
DA:7,1
DA:9,8
DA:16,1
DA:17,4
DA:18,4
DA:19,3
DA:24,3
DA:25,2
DA:26,1
DA:28,1
DA:31,1
DA:33,3
DA:34,3
DA:38,1
DA:39,3
DA:40,3
DA:43,3
DA:46,3
DA:52,3
DA:53,2
DA:54,0
DA:58,2
DA:59,2
DA:60,2
DA:61,2
DA:64,0
DA:67,2
DA:70,1
DA:72,2
DA:73,2
DA:77,1
DA:78,2
DA:79,2
DA:82,2
DA:88,1
DA:89,0
DA:90,0
DA:93,0
DA:94,0
DA:95,0
DA:96,0
DA:98,0
DA:101,0
DA:104,1
DA:106,1
DA:107,1
LF:50
LH:40
BRDA:6,0,0,1
BRDA:6,0,1,8
BRDA:24,1,0,2
BRDA:24,1,1,1
BRDA:25,2,0,1
BRDA:25,2,1,1
BRDA:52,3,0,2
BRDA:52,3,1,1
BRDA:53,4,0,0
BRDA:53,4,1,2
BRDA:61,5,0,2
BRDA:61,5,1,1
BRDA:88,6,0,0
BRDA:88,6,1,1
BRDA:89,7,0,0
BRDA:89,7,1,0
BRDA:96,8,0,0
BRDA:96,8,1,0
BRF:18
BRH:12
end_of_record
